
2026-06-08T17:35:15.139Z === WEBHOOK RECEIVED === {
  "method": "POST",
  "url": "http://localhost:3010/api/webhooks/whatsapp",
  "headers": {
    "accept": "*/*",
    "content-length": "425",
    "content-type": "application/json",
    "host": "localhost:3010",
    "user-agent": "curl/8.12.1",
    "x-forwarded-for": "::1",
    "x-forwarded-host": "localhost:3010",
    "x-forwarded-port": "3010",
    "x-forwarded-proto": "http"
  }
}
2026-06-08T17:35:15.140Z RAW BODY: {
    "event": "messages.upsert",
    "instance": "concierge-wpp",
    "data": {
      "key": {
        "remoteJid": "144633107587269@lid",
        "fromMe": false,
        "id": "test-lid-msg-999"
      },
      "pushName": "TestUser",
      "message": {
        "conversation": "hola"
      },
      "messageType": "conversation",
      "messageTimestamp": 1780939765
    },
    "sender": "5491125855775@s.whatsapp.net"
  }
2026-06-08T17:35:15.141Z VALIDATED PAYLOAD: {
  "phone": "5491125855775",
  "text": "hola",
  "pushName": "TestUser",
  "payload": "{\"event\":\"messages.upsert\",\"instance\":\"concierge-wpp\",\"data\":{\"key\":{\"remoteJid\":\"144633107587269@lid\",\"fromMe\":false,\"id\":\"test-lid-msg-999\"},\"pushName\":\"TestUser\",\"message\":{\"conversation\":\"hola\"},\"messageType\":\"conversation\",\"messageTimestamp\":1780939765},\"sender\":\"5491125855775@s.whatsapp.net\"}"
}
